[debug] [2019-03-19T21:45:43.283Z] ----------------------------------------------------------------------
[debug] [2019-03-19T21:45:43.285Z] Command:       C:\Program Files\nodejs\node.exe C:\Users\seanb\AppData\Roaming\npm\node_modules\firebase-tools\lib\bin\firebase.js serve
[debug] [2019-03-19T21:45:43.286Z] CLI Version:   6.5.0
[debug] [2019-03-19T21:45:43.286Z] Platform:      win32
[debug] [2019-03-19T21:45:43.286Z] Node Version:  v11.3.0
[debug] [2019-03-19T21:45:43.287Z] Time:          Tue Mar 19 2019 15:45:43 GMT-0600 (Mountain Daylight Time)
[debug] [2019-03-19T21:45:43.287Z] ----------------------------------------------------------------------
[debug] 
[debug] [2019-03-19T21:45:43.299Z] > command requires scopes: ["email","openid","https://www.googleapis.com/auth/cloudplatformprojects.readonly","https://www.googleapis.com/auth/firebase","https://www.googleapis.com/auth/cloud-platform"]
[debug] [2019-03-19T21:45:43.300Z] > authorizing via signed-in user
[debug] [2019-03-19T21:45:43.300Z] [iam] checking project portfolio-c22ed for permissions ["firebase.projects.get"]
[debug] [2019-03-19T21:45:43.302Z] >>> HTTP REQUEST POST https://cloudresourcemanager.googleapis.com/v1/projects/portfolio-c22ed:testIamPermissions  

[debug] [2019-03-19T21:45:43.766Z] <<< HTTP RESPONSE 200
[debug] [2019-03-19T21:45:43.768Z] >>> HTTP REQUEST GET https://cloudresourcemanager.googleapis.com/v1/projects/portfolio-c22ed  
 
[debug] [2019-03-19T21:45:44.173Z] <<< HTTP RESPONSE 200
[info] 
[info] === Serving from 'C:\Users\seanb\Projects\Portfolio'...
[info] 
[debug] [2019-03-19T21:45:44.175Z] >>> HTTP REQUEST GET https://mobilesdk-pa.googleapis.com/v1/projects/980102484094/clients/_:getWebAppConfig  
 
[debug] [2019-03-19T21:45:44.511Z] <<< HTTP RESPONSE 200
[info] i  hosting: Serving hosting files from: /
[info] +  hosting: Local server: http://localhost:5000
